<?xml version="1.0" encoding="UTF-8"?>
<!-- Generated by org.testng.reporters.JUnitReportReporter -->
<testsuite hostname="DESKTOP-K591F3O" name="myJenkinsIntegrationGroupID.myJenkinsIntegrationArttifactID.firstTestNGClass" tests="1" failures="0" timestamp="30 Jan 2020 01:05:00 GMT" time="0.012" errors="0">
  <testcase name="verifyHomepageTitle" time="0.012" classname="myJenkinsIntegrationGroupID.myJenkinsIntegrationArttifactID.firstTestNGClass"/>
</testsuite> <!-- myJenkinsIntegrationGroupID.myJenkinsIntegrationArttifactID.firstTestNGClass -->
