<?xml version="1.0" encoding="UTF-8"?>
<!-- Generated by org.testng.reporters.JUnitReportReporter -->
<testsuite hostname="DESKTOP-K591F3O" name="myJenkinsIntegrationGroupID.myJenkinsIntegrationArttifactID.firstTestNGClass" tests="1" failures="0" timestamp="29 Jan 2020 19:58:38 GMT" time="0.016" errors="0">
  <testcase name="verifyHomepageTitle" time="0.016" classname="myJenkinsIntegrationGroupID.myJenkinsIntegrationArttifactID.firstTestNGClass"/>
</testsuite> <!-- myJenkinsIntegrationGroupID.myJenkinsIntegrationArttifactID.firstTestNGClass -->
